<?xml version="1.0" encoding="UTF-8"?>
<!-- Generated by org.testng.reporters.JUnitXMLReporter -->
<testsuite ignored="0" hostname="DESKTOP-PCH3F9Q" failures="0" tests="6" name="Default test" time="0.112" errors="0" timestamp="30 Sep 2024 02:17:54 GMT">
  <testcase classname="com.rameshsoft.seleniumjava.DataProviderProg" name="hardwork" time="0.011"/>
  <testcase classname="com.rameshsoft.seleniumjava.DataProviderProg" name="hardwork" time="0.005"/>
  <testcase classname="com.rameshsoft.seleniumjava.DataProviderProg" name="hardwork" time="0.005"/>
  <testcase classname="com.rameshsoft.seleniumjava.DataProviderProg" name="hardwork" time="0.003"/>
  <testcase classname="com.rameshsoft.seleniumjava.DataProviderProg" name="hardwork" time="0.009"/>
  <testcase classname="com.rameshsoft.seleniumjava.DataProviderProg" name="hardwork" time="0.015"/>
</testsuite> <!-- Default test -->
