<?xml version="1.0" encoding="UTF-8"?>
<!-- Generated by org.testng.reporters.JUnitXMLReporter -->
<testsuite ignored="0" hostname="DESKTOP-PCH3F9Q" failures="0" tests="5" name="Test" time="0.076" errors="0" timestamp="30 Sep 2024 02:06:23 GMT">
  <testcase classname="com.rameshsoft.seleniumjava.ParametersProg" name="hardwork" time="0.015"/>
  <testcase classname="com.rameshsoft.seleniumjava.ParametersProg" name="hardwork" time="0.002"/>
  <testcase classname="com.rameshsoft.seleniumjava.ParametersProg" name="hardwork" time="0.003"/>
  <testcase classname="com.rameshsoft.seleniumjava.ParametersProg" name="hardwork" time="0.002"/>
  <testcase classname="com.rameshsoft.seleniumjava.ParametersProg" name="hardwork" time="0.005"/>
</testsuite> <!-- Test -->
