<?xml version="1.0" encoding="UTF-8"?>
<testng-results ignored="0" total="6" passed="6" failed="0" skipped="0">
  <reporter-output>
  </reporter-output>
  <suite started-at="2024-09-30T02:17:54Z" name="Default suite" finished-at="2024-09-30T02:17:54Z" duration-ms="112">
    <groups>
    </groups>
    <test started-at="2024-09-30T02:17:54Z" name="Default test" finished-at="2024-09-30T02:17:54Z" duration-ms="112">
      <class name="com.rameshsoft.seleniumjava.DataProviderProg">
        <test-method signature="hardwork(java.lang.String, java.lang.String)[pri:0, instance:com.rameshsoft.seleniumjava.DataProviderProg@7dcf94f8]" started-at="2024-09-30T07:47:54Z" name="hardwork" data-provider="hardworkData" finished-at="2024-09-30T07:47:54Z" duration-ms="11" status="PASS">
          <params>
            <param index="0">
              <value>
                <![CDATA[9]]>
              </value>
            </param>
            <param index="1">
              <value>
                <![CDATA[JOB]]>
              </value>
            </param>
          </params>
          <reporter-output>
          </reporter-output>
        </test-method> <!-- hardwork -->
        <test-method signature="hardwork(java.lang.String, java.lang.String)[pri:0, instance:com.rameshsoft.seleniumjava.DataProviderProg@7dcf94f8]" started-at="2024-09-30T07:47:54Z" name="hardwork" data-provider="hardworkData" finished-at="2024-09-30T07:47:54Z" duration-ms="5" status="PASS">
          <params>
            <param index="0">
              <value>
                <![CDATA[6]]>
              </value>
            </param>
            <param index="1">
              <value>
                <![CDATA[PRACTICE]]>
              </value>
            </param>
          </params>
          <reporter-output>
          </reporter-output>
        </test-method> <!-- hardwork -->
        <test-method signature="hardwork(java.lang.String, java.lang.String)[pri:0, instance:com.rameshsoft.seleniumjava.DataProviderProg@7dcf94f8]" started-at="2024-09-30T07:47:54Z" name="hardwork" data-provider="hardworkData" finished-at="2024-09-30T07:47:54Z" duration-ms="5" status="PASS">
          <params>
            <param index="0">
              <value is-null="true"/>
            </param>
            <param index="1">
              <value is-null="true"/>
            </param>
          </params>
          <reporter-output>
          </reporter-output>
        </test-method> <!-- hardwork -->
        <test-method signature="hardwork(java.lang.String, java.lang.String)[pri:0, instance:com.rameshsoft.seleniumjava.DataProviderProg@7dcf94f8]" started-at="2024-09-30T07:47:54Z" name="hardwork" data-provider="hardworkData" finished-at="2024-09-30T07:47:54Z" duration-ms="3" status="PASS">
          <params>
            <param index="0">
              <value is-null="true"/>
            </param>
            <param index="1">
              <value is-null="true"/>
            </param>
          </params>
          <reporter-output>
          </reporter-output>
        </test-method> <!-- hardwork -->
        <test-method signature="hardwork(java.lang.String, java.lang.String)[pri:0, instance:com.rameshsoft.seleniumjava.DataProviderProg@7dcf94f8]" started-at="2024-09-30T07:47:54Z" name="hardwork" data-provider="hardworkData" finished-at="2024-09-30T07:47:54Z" duration-ms="9" status="PASS">
          <params>
            <param index="0">
              <value is-null="true"/>
            </param>
            <param index="1">
              <value is-null="true"/>
            </param>
          </params>
          <reporter-output>
          </reporter-output>
        </test-method> <!-- hardwork -->
        <test-method signature="hardwork(java.lang.String, java.lang.String)[pri:0, instance:com.rameshsoft.seleniumjava.DataProviderProg@7dcf94f8]" started-at="2024-09-30T07:47:54Z" name="hardwork" data-provider="hardworkData" finished-at="2024-09-30T07:47:54Z" duration-ms="15" status="PASS">
          <params>
            <param index="0">
              <value is-null="true"/>
            </param>
            <param index="1">
              <value is-null="true"/>
            </param>
          </params>
          <reporter-output>
          </reporter-output>
        </test-method> <!-- hardwork -->
      </class> <!-- com.rameshsoft.seleniumjava.DataProviderProg -->
    </test> <!-- Default test -->
  </suite> <!-- Default suite -->
</testng-results>
